<?xml version="1.0" encoding="UTF-8"?>
<testsuite xmlns:xsi="http://www.w3.org/2001/XMLSchema-instance" xsi:noNamespaceSchemaLocation="https://maven.apache.org/surefire/maven-surefire-plugin/xsd/surefire-test-report-3.0.xsd" version="3.0" name="com.galaxy.GalaxyMerchantTradingGuideTest" time="0.051" tests="4" errors="0" skipped="0" failures="0">
  <properties>
[...]
</properties>
  <testcase name="testTransactionManager" classname="com.galaxy.GalaxyMerchantTradingGuideTest" time="0.025"/>
  <testcase name="testromanToDecimal" classname="com.galaxy.GalaxyMerchantTradingGuideTest" time="0.001"/>
  <testcase name="testGalaxyInterpreter" classname="com.galaxy.GalaxyMerchantTradingGuideTest" time="0.001"/>
  <testcase name="testQueryProcessor" classname="com.galaxy.GalaxyMerchantTradingGuideTest" time="0.002"/>
</testsuite>